<?xml version="1.0" encoding="UTF-8"?>
<!-- Generated by org.testng.reporters.JUnitReportReporter -->
<testsuite hostname="INLM-KenisaacD.local" name="auto.auto_test.AppTest" tests="1" failures="0" timestamp="21 Jul 2020 19:34:06 GMT" time="0.021" errors="0">
  <testcase name="testApp" time="0.021" classname="auto.auto_test.AppTest"/>
</testsuite> <!-- auto.auto_test.AppTest -->
